<?xml version="1.0" encoding="UTF-8"?>
<!-- Generated by org.testng.reporters.JUnitReportReporter -->
<testsuite skipped="0" hostname="HVDSEL02" name="com.adactin.unittests.LoginPageTest" tests="2" failures="0" timestamp="09 May 2017 05:12:53 GMT" time="11.054" errors="0">
  <testcase name="txtPasswordText" time="10.328" classname="com.adactin.unittests.LoginPageTest"/>
  <testcase name="txtUsernameText" time="0.726" classname="com.adactin.unittests.LoginPageTest"/>
</testsuite> <!-- com.adactin.unittests.LoginPageTest -->
