<?xml version="1.0" encoding="UTF-8"?>
<!-- Generated by org.testng.reporters.JUnitReportReporter -->
<testsuite skipped="0" hostname="HVDSEL02" name="com.adactin.testcases.LoginPageTestCase" tests="2" failures="0" timestamp="05 May 2017 05:58:05 GMT" time="15.771" errors="0">
  <testcase name="correctLogin" time="13.776" classname="com.adactin.testcases.LoginPageTestCase"/>
  <testcase name="incorrectLogin" time="1.995" classname="com.adactin.testcases.LoginPageTestCase"/>
</testsuite> <!-- com.adactin.testcases.LoginPageTestCase -->
