<?xml version="1.0" encoding="UTF-8"?>
<!-- Generated by org.testng.reporters.JUnitReportReporter -->
<testsuite skipped="0" hostname="HVDSEL02" name="com.adactin.testcases.LoginPageTest" tests="1" failures="0" timestamp="05 May 2017 05:28:37 GMT" time="10.410" errors="0">
  <testcase name="txtUsernameText" time="10.410" classname="com.adactin.testcases.LoginPageTest"/>
</testsuite> <!-- com.adactin.testcases.LoginPageTest -->
