<?xml version="1.0" encoding="UTF-8"?>
<!-- Generated by org.testng.reporters.JUnitReportReporter -->
<testsuite skipped="0" hostname="HVDSEL02" name="com.com.java.AdactinLogin" tests="2" failures="0" timestamp="04 May 2017 06:46:52 GMT" time="6.531" errors="0">
  <testcase name="correctLogin" time="3.187" classname="com.com.java.AdactinLogin"/>
  <testcase name="incorrectLogin" time="3.344" classname="com.com.java.AdactinLogin"/>
</testsuite> <!-- com.com.java.AdactinLogin -->
